<?xml version="1.0" encoding="UTF-8"?>
<!-- Generated by org.testng.reporters.JUnitXMLReporter -->
<testsuite ignored="6" hostname="LAPTOP-FRR416C2" failures="2" tests="4" name="Test" time="34.706" errors="0" timestamp="2025-02-20T22:52:24 IST">
  <testcase classname="electronics.TC_003_TEST" name="clickOnElectronics" time="0.795">
    <failure type="java.lang.AssertionError" message="Electronics page not displayed expected [ Demo Web Shop. Electronics] but found [Demo Web Shop. Electronics]">
      <![CDATA[java.lang.AssertionError: Electronics page not displayed expected [ Demo Web Shop. Electronics] but found [Demo Web Shop. Electronics]
at electronics.TC_003_TEST.clickOnElectronics(TC_003_TEST.java:20)
at java.base/java.util.ArrayList.forEach(ArrayList.java:1597)
... Removed 30 stack frames]]>
    </failure>
  </testcase> <!-- clickOnElectronics -->
  <testcase classname="books.TC_001_TEST" name="clickOnBooks" time="0.897"/>
  <testcase classname="computers.TC_002_TEST" name="computerLink" time="0.84">
    <failure type="java.lang.AssertionError" message="books page is not displayed expected [Demo Web Shop. Books] but found [Demo Web Shop. Computers]">
      <![CDATA[java.lang.AssertionError: books page is not displayed expected [Demo Web Shop. Books] but found [Demo Web Shop. Computers]
at computers.TC_002_TEST.computerLink(TC_002_TEST.java:19)
at java.base/java.util.ArrayList.forEach(ArrayList.java:1597)
... Removed 30 stack frames]]>
    </failure>
  </testcase> <!-- computerLink -->
  <testcase classname="giftCards.TC_004_TEST" name="loginToGifts" time="0.841"/>
  <testcase classname="com.qsp.genericutility.BaseClass" name="@BeforeSuite configureReport" time="0.0">
    <ignored/>
  </testcase> <!-- @BeforeSuite configureReport -->
  <testcase classname="com.qsp.genericutility.BaseClass" name="@AfterSuite reportBackup" time="0.0">
    <ignored/>
  </testcase> <!-- @AfterSuite reportBackup -->
  <testcase classname="com.qsp.genericutility.BaseClass" name="@AfterSuite reportBackup" time="0.0">
    <ignored/>
  </testcase> <!-- @AfterSuite reportBackup -->
  <testcase classname="com.qsp.genericutility.BaseClass" name="@BeforeSuite configureReport" time="0.0">
    <ignored/>
  </testcase> <!-- @BeforeSuite configureReport -->
  <testcase classname="com.qsp.genericutility.BaseClass" name="@BeforeSuite configureReport" time="0.0">
    <ignored/>
  </testcase> <!-- @BeforeSuite configureReport -->
  <testcase classname="com.qsp.genericutility.BaseClass" name="@AfterSuite reportBackup" time="0.0">
    <ignored/>
  </testcase> <!-- @AfterSuite reportBackup -->
</testsuite> <!-- Test -->
